2025-11-17 19:11:29,229 INFO o.a.j.u.JMeterUtils: Setting Locale to ja_JP
2025-11-17 19:11:29,238 INFO o.a.j.u.JMeterUtils: Could not find resources for 'ja_JP', using 'ja'
2025-11-17 19:11:29,238 INFO o.a.j.JMeter: Loading user properties from: /opt/homebrew/Cellar/jmeter/5.6.3/libexec/bin/user.properties
2025-11-17 19:11:29,239 INFO o.a.j.JMeter: Loading system properties from: /opt/homebrew/Cellar/jmeter/5.6.3/libexec/bin/system.properties
2025-11-17 19:11:29,241 INFO o.a.j.JMeter: Copyright (c) 1998-2024 The Apache Software Foundation
2025-11-17 19:11:29,241 INFO o.a.j.JMeter: Version 5.6.3
2025-11-17 19:11:29,241 INFO o.a.j.JMeter: java.version=21.0.7
2025-11-17 19:11:29,241 INFO o.a.j.JMeter: java.vm.name=Java HotSpot(TM) 64-Bit Server VM
2025-11-17 19:11:29,241 INFO o.a.j.JMeter: os.name=Mac OS X
2025-11-17 19:11:29,241 INFO o.a.j.JMeter: os.arch=aarch64
2025-11-17 19:11:29,241 INFO o.a.j.JMeter: os.version=15.1
2025-11-17 19:11:29,241 INFO o.a.j.JMeter: file.encoding=UTF-8
2025-11-17 19:11:29,241 INFO o.a.j.JMeter: java.awt.headless=true
2025-11-17 19:11:29,241 INFO o.a.j.JMeter: Max memory     =1073741824
2025-11-17 19:11:29,241 INFO o.a.j.JMeter: Available Processors =12
2025-11-17 19:11:29,244 INFO o.a.j.JMeter: Default Locale=日本語 (日本)
2025-11-17 19:11:29,244 INFO o.a.j.JMeter: JMeter  Locale=日本語 (日本)
2025-11-17 19:11:29,244 INFO o.a.j.JMeter: JMeterHome=/opt/homebrew/Cellar/jmeter/5.6.3/libexec
2025-11-17 19:11:29,244 INFO o.a.j.JMeter: user.dir  =/Users/takada/Desktop/takada_personal/tool
2025-11-17 19:11:29,244 INFO o.a.j.JMeter: PWD       =/Users/takada/Desktop/takada_personal/tool
2025-11-17 19:11:29,269 INFO o.a.j.JMeter: IP: 192.168.0.11 Name: Mac.AirPort FullName: 192.168.0.11
2025-11-17 19:11:29,275 INFO o.a.j.JMeter: Setting property 'jmeter.reportgenerator.outputdir' to:'/Users/takada/Desktop/takada_personal/toiware_task/adamas_ST/results/1117/00_03_AccountOpening_Personal_Load_10s100_mail_20251117190741_report'
2025-11-17 19:11:29,276 INFO o.a.j.r.d.ReportGenerator: ReportGenerator will use for Parsing the separator: ','
2025-11-17 19:11:29,276 INFO o.a.j.r.d.ReportGenerator: Will only generate report from results file: /Users/takada/Desktop/takada_personal/toiware_task/adamas_ST/results/1117/00_03_AccountOpening_Personal_Load_10s100_mail_20251117190741.jtl
2025-11-17 19:11:29,276 INFO o.a.j.r.d.ReportGenerator: Reading report generator properties from: /opt/homebrew/Cellar/jmeter/5.6.3/libexec/bin/reportgenerator.properties
2025-11-17 19:11:29,277 INFO o.a.j.r.d.ReportGenerator: Merging with JMeter properties
2025-11-17 19:11:29,278 INFO o.a.j.r.c.ReportGeneratorConfiguration: Property 'jmeter.reportgenerator.temp_dir' not found, using default value 'temp' instead.
2025-11-17 19:11:29,279 INFO o.a.j.r.c.ReportGeneratorConfiguration: Property 'jmeter.reportgenerator.apdex_per_transaction' not found, using default value 'null' instead.
2025-11-17 19:11:29,284 INFO o.a.j.r.c.ReportGeneratorConfiguration: apdex_per_transaction is empty, not APDEX per transaction customization
2025-11-17 19:11:29,284 INFO o.a.j.r.c.ReportGeneratorConfiguration: Property 'jmeter.reportgenerator.sample_filter' not found, using default value 'null' instead.
2025-11-17 19:11:29,284 INFO o.a.j.r.c.ReportGeneratorConfiguration: Property 'jmeter.reportgenerator.report_title' not found, using default value 'null' instead.
2025-11-17 19:11:29,284 INFO o.a.j.r.c.ReportGeneratorConfiguration: Property 'jmeter.reportgenerator.start_date' not found, using default value 'null' instead.
2025-11-17 19:11:29,284 INFO o.a.j.r.c.ReportGeneratorConfiguration: Property 'jmeter.reportgenerator.end_date' not found, using default value 'null' instead.
2025-11-17 19:11:29,284 INFO o.a.j.r.c.ReportGeneratorConfiguration: Property 'jmeter.reportgenerator.date_format' not found, using default value 'null' instead.
2025-11-17 19:11:29,285 INFO o.a.j.r.c.ReportGeneratorConfiguration: Will use date range start date: null, end date: null
2025-11-17 19:11:29,286 INFO o.a.j.r.c.ReportGeneratorConfiguration: Property 'jmeter.reportgenerator.graph.totalTPS.exclude_controllers' not found, using default value 'false' instead.
2025-11-17 19:11:29,286 INFO o.a.j.r.c.ReportGeneratorConfiguration: Property 'jmeter.reportgenerator.graph.activeThreadsOverTime.exclude_controllers' not found, using default value 'false' instead.
2025-11-17 19:11:29,286 INFO o.a.j.r.c.ReportGeneratorConfiguration: Property 'jmeter.reportgenerator.graph.timeVsThreads.exclude_controllers' not found, using default value 'false' instead.
2025-11-17 19:11:29,286 INFO o.a.j.r.c.ReportGeneratorConfiguration: Property 'jmeter.reportgenerator.graph.responseTimeDistribution.exclude_controllers' not found, using default value 'false' instead.
2025-11-17 19:11:29,287 INFO o.a.j.r.c.ReportGeneratorConfiguration: Property 'jmeter.reportgenerator.graph.transactionsPerSecond.exclude_controllers' not found, using default value 'false' instead.
2025-11-17 19:11:29,287 INFO o.a.j.r.c.ReportGeneratorConfiguration: Property 'jmeter.reportgenerator.graph.responseTimePercentiles.exclude_controllers' not found, using default value 'false' instead.
2025-11-17 19:11:29,287 INFO o.a.j.r.c.ReportGeneratorConfiguration: Property 'jmeter.reportgenerator.graph.responseTimePercentilesOverTime.exclude_controllers' not found, using default value 'false' instead.
2025-11-17 19:11:29,287 INFO o.a.j.r.c.ReportGeneratorConfiguration: Property 'jmeter.reportgenerator.graph.responseTimesOverTime.exclude_controllers' not found, using default value 'false' instead.
2025-11-17 19:11:29,287 INFO o.a.j.r.c.ReportGeneratorConfiguration: Property 'jmeter.reportgenerator.graph.connectTimeOverTime.exclude_controllers' not found, using default value 'false' instead.
2025-11-17 19:11:29,287 INFO o.a.j.r.c.ReportGeneratorConfiguration: Property 'jmeter.reportgenerator.graph.latenciesOverTime.exclude_controllers' not found, using default value 'false' instead.
2025-11-17 19:11:29,287 INFO o.a.j.r.c.ReportGeneratorConfiguration: Property 'jmeter.reportgenerator.exporter.json.filters_only_sample_series' not found, using default value 'true' instead.
2025-11-17 19:11:29,287 INFO o.a.j.r.c.ReportGeneratorConfiguration: Property 'jmeter.reportgenerator.exporter.json.series_filter' not found, using default value '' instead.
2025-11-17 19:11:29,287 INFO o.a.j.r.c.ReportGeneratorConfiguration: Property 'jmeter.reportgenerator.exporter.json.show_controllers_only' not found, using default value 'false' instead.
2025-11-17 19:11:29,287 INFO o.a.j.r.c.ReportGeneratorConfiguration: Property 'jmeter.reportgenerator.exporter.html.filters_only_sample_series' not found, using default value 'true' instead.
2025-11-17 19:11:29,287 INFO o.a.j.r.c.ReportGeneratorConfiguration: Property 'jmeter.reportgenerator.exporter.html.series_filter' not found, using default value '' instead.
2025-11-17 19:11:29,287 INFO o.a.j.r.c.ReportGeneratorConfiguration: Property 'jmeter.reportgenerator.exporter.html.show_controllers_only' not found, using default value 'false' instead.
2025-11-17 19:11:29,350 INFO o.a.j.s.SaveService: Testplan (JMX) version: 2.2. Testlog (JTL) version: 2.2
2025-11-17 19:11:29,364 INFO o.a.j.s.SaveService: Using SaveService properties version 5.0
2025-11-17 19:11:29,365 INFO o.a.j.s.SaveService: Using SaveService properties file encoding UTF-8
2025-11-17 19:11:29,375 INFO o.a.j.r.p.NormalizerSampleConsumer: Using format, 'ms', to parse timeStamp field
2025-11-17 19:11:29,405 INFO o.a.j.r.p.AbstractSampleConsumer: class org.apache.jmeter.report.processor.AggregateConsumer#stopProducing(): beginDate produced 0 samples
2025-11-17 19:11:29,405 INFO o.a.j.r.p.AbstractSampleConsumer: class org.apache.jmeter.report.processor.AggregateConsumer#stopProducing(): endDate produced 0 samples
2025-11-17 19:11:29,406 INFO o.a.j.r.p.AbstractSampleConsumer: class org.apache.jmeter.report.processor.ApdexSummaryConsumer#stopProducing(): apdexSummary produced 0 samples
2025-11-17 19:11:29,406 INFO o.a.j.r.p.AbstractSampleConsumer: class org.apache.jmeter.report.processor.RequestsSummaryConsumer#stopProducing(): requestsSummary produced 0 samples
2025-11-17 19:11:29,408 INFO o.a.j.r.p.AbstractSampleConsumer: class org.apache.jmeter.report.processor.StatisticsSummaryConsumer#stopProducing(): statisticsSummary produced 0 samples
2025-11-17 19:11:29,408 INFO o.a.j.r.p.AbstractSampleConsumer: class org.apache.jmeter.report.processor.Top5ErrorsBySamplerConsumer#stopProducing(): top5ErrorsBySampler produced 0 samples
2025-11-17 19:11:29,408 INFO o.a.j.r.p.AbstractSampleConsumer: class org.apache.jmeter.report.processor.ErrorsSummaryConsumer#stopProducing(): errorsSummary produced 0 samples
2025-11-17 19:11:29,408 INFO o.a.j.r.p.AbstractSampleConsumer: class org.apache.jmeter.report.processor.graph.impl.HitsPerSecondGraphConsumer#stopProducing(): hitsPerSecond produced 0 samples
2025-11-17 19:11:29,414 INFO o.a.j.r.p.AbstractSampleConsumer: class org.apache.jmeter.report.processor.graph.impl.LatencyVSRequestGraphConsumer#stopProducing(): latencyVsRequest produced 0 samples
2025-11-17 19:11:29,415 INFO o.a.j.r.p.AbstractSampleConsumer: class org.apache.jmeter.report.processor.graph.impl.SyntheticResponseTimeDistributionGraphConsumer#stopProducing(): syntheticResponseTimeDistribution produced 0 samples
2025-11-17 19:11:29,415 INFO o.a.j.r.p.AbstractSampleConsumer: class org.apache.jmeter.report.processor.graph.impl.BytesThroughputGraphConsumer#stopProducing(): bytesThroughputOverTime produced 0 samples
2025-11-17 19:11:29,415 INFO o.a.j.r.p.AbstractSampleConsumer: class org.apache.jmeter.report.processor.graph.impl.CodesPerSecondGraphConsumer#stopProducing(): codesPerSecond produced 0 samples
2025-11-17 19:11:29,417 INFO o.a.j.r.p.AbstractSampleConsumer: class org.apache.jmeter.report.processor.graph.impl.ResponseTimeVSRequestGraphConsumer#stopProducing(): responseTimeVsRequest produced 0 samples
2025-11-17 19:11:29,417 INFO o.a.j.r.p.AbstractSampleConsumer: class org.apache.jmeter.report.processor.FilterConsumer#stopProducing(): startIntervalControlerFilter produced 700 samples
2025-11-17 19:11:29,417 INFO o.a.j.r.p.AbstractSampleConsumer: class org.apache.jmeter.report.processor.graph.impl.TotalTPSGraphConsumer#stopProducing(): totalTPS produced 0 samples
2025-11-17 19:11:29,417 INFO o.a.j.r.p.AbstractSampleConsumer: class org.apache.jmeter.report.processor.graph.impl.ActiveThreadsGraphConsumer#stopProducing(): activeThreadsOverTime produced 0 samples
2025-11-17 19:11:29,417 INFO o.a.j.r.p.AbstractSampleConsumer: class org.apache.jmeter.report.processor.graph.impl.TimeVSThreadGraphConsumer#stopProducing(): timeVsThreads produced 0 samples
2025-11-17 19:11:29,417 INFO o.a.j.r.p.AbstractSampleConsumer: class org.apache.jmeter.report.processor.graph.impl.ResponseTimeDistributionGraphConsumer#stopProducing(): responseTimeDistribution produced 0 samples
2025-11-17 19:11:29,417 INFO o.a.j.r.p.AbstractSampleConsumer: class org.apache.jmeter.report.processor.graph.impl.TransactionsPerSecondGraphConsumer#stopProducing(): transactionsPerSecond produced 0 samples
2025-11-17 19:11:29,417 INFO o.a.j.r.p.AbstractSampleConsumer: class org.apache.jmeter.report.processor.graph.impl.ResponseTimePercentilesGraphConsumer#stopProducing(): responseTimePercentiles produced 0 samples
2025-11-17 19:11:29,417 INFO o.a.j.r.p.AbstractSampleConsumer: class org.apache.jmeter.report.processor.graph.impl.ResponseTimePercentilesOverTimeGraphConsumer#stopProducing(): responseTimePercentilesOverTime produced 0 samples
2025-11-17 19:11:29,418 INFO o.a.j.r.p.AbstractSampleConsumer: class org.apache.jmeter.report.processor.graph.impl.ResponseTimeOverTimeGraphConsumer#stopProducing(): responseTimesOverTime produced 0 samples
2025-11-17 19:11:29,418 INFO o.a.j.r.p.AbstractSampleConsumer: class org.apache.jmeter.report.processor.graph.impl.ConnectTimeOverTimeGraphConsumer#stopProducing(): connectTimeOverTime produced 0 samples
2025-11-17 19:11:29,418 INFO o.a.j.r.p.AbstractSampleConsumer: class org.apache.jmeter.report.processor.graph.impl.LatencyOverTimeGraphConsumer#stopProducing(): latenciesOverTime produced 0 samples
2025-11-17 19:11:29,418 INFO o.a.j.r.p.AbstractSampleConsumer: class org.apache.jmeter.report.processor.FilterConsumer#stopProducing(): nameFilter produced 1500 samples
2025-11-17 19:11:29,418 INFO o.a.j.r.p.AbstractSampleConsumer: class org.apache.jmeter.report.processor.FilterConsumer#stopProducing(): dateRangeFilter produced 300 samples
2025-11-17 19:11:29,418 INFO o.a.j.r.p.AbstractSampleConsumer: class org.apache.jmeter.report.processor.NormalizerSampleConsumer#stopProducing(): normalizer produced 100 samples
2025-11-17 19:11:29,418 INFO o.a.j.r.p.CsvFileSampleSource: produce(): 100 samples produced in 36ms on channel 0
2025-11-17 19:11:29,418 INFO o.a.j.r.d.ReportGenerator: Exporting data using exporter:'json' of className:'org.apache.jmeter.report.dashboard.JsonExporter'
2025-11-17 19:11:29,445 INFO o.a.j.r.d.JsonExporter: Found data for consumer statisticsSummary in context
2025-11-17 19:11:29,445 INFO o.a.j.r.d.JsonExporter: Creating statistics for overall
2025-11-17 19:11:29,445 INFO o.a.j.r.d.JsonExporter: Creating statistics for other transactions
2025-11-17 19:11:29,446 INFO o.a.j.r.d.JsonExporter: Checking output folder
2025-11-17 19:11:29,446 INFO o.a.j.r.d.JsonExporter: Writing statistics JSON to /Users/takada/Desktop/takada_personal/toiware_task/adamas_ST/results/1117/00_03_AccountOpening_Personal_Load_10s100_mail_20251117190741_report/statistics.json
2025-11-17 19:11:29,459 INFO o.a.j.r.d.ReportGenerator: Exporting data using exporter:'html' of className:'org.apache.jmeter.report.dashboard.HtmlTemplateExporter'
2025-11-17 19:11:29,460 INFO o.a.j.r.d.HtmlTemplateExporter: Will generate dashboard in folder: /Users/takada/Desktop/takada_personal/toiware_task/adamas_ST/results/1117/00_03_AccountOpening_Personal_Load_10s100_mail_20251117190741_report
2025-11-17 19:11:29,505 INFO o.a.j.r.d.HtmlTemplateExporter: Report will be generated in: /Users/takada/Desktop/takada_personal/toiware_task/adamas_ST/results/1117/00_03_AccountOpening_Personal_Load_10s100_mail_20251117190741_report, creating folder structure
2025-11-17 19:11:29,506 INFO o.a.j.r.d.TemplateVisitor: Copying folder from '/opt/homebrew/Cellar/jmeter/5.6.3/libexec/bin/report-template' to '/Users/takada/Desktop/takada_personal/toiware_task/adamas_ST/results/1117/00_03_AccountOpening_Personal_Load_10s100_mail_20251117190741_report', got message: /Users/takada/Desktop/takada_personal/toiware_task/adamas_ST/results/1117/00_03_AccountOpening_Personal_Load_10s100_mail_20251117190741_report, found non empty folder with following content [/Users/takada/Desktop/takada_personal/toiware_task/adamas_ST/results/1117/00_03_AccountOpening_Personal_Load_10s100_mail_20251117190741_report/statistics.json], will be ignored
